[debug] [2025-12-04T17:27:06.355Z] [Firebase Plugin] Activating Firebase extension.
[debug] [2025-12-04T17:27:16.440Z] [Firebase Plugin] requireAuthWrapper
[debug] [2025-12-04T17:27:16.442Z] > command requires scopes: ["email","openid","https://www.googleapis.com/auth/cloudplatformprojects.readonly","https://www.googleapis.com/auth/firebase","https://www.googleapis.com/auth/cloud-platform","https://www.googleapis.com/auth/userinfo.email"]
[debug] [2025-12-04T17:27:16.489Z] [Firebase Plugin] VSCode notification server listening on port 40001
[debug] [2025-12-04T17:28:04.136Z] Running auto auth
[debug] [2025-12-04T17:28:04.179Z] No OAuth tokens found
[debug] [2025-12-04T17:28:04.182Z] [Firebase Plugin] User found:  rieeir59@gmail.com
[info] [Firebase Plugin] (Core:Project) New user detected, fetching projects
[debug] [2025-12-04T17:28:04.188Z] No OAuth tokens found
[debug] [2025-12-04T17:28:04.192Z] >>> [apiv2][query] GET https://firebase.googleapis.com/v1beta1/projects pageSize=1000
[debug] [2025-12-04T17:28:04.802Z] <<< [apiv2][status] GET https://firebase.googleapis.com/v1beta1/projects 200
[debug] [2025-12-04T17:28:04.803Z] <<< [apiv2][body] GET https://firebase.googleapis.com/v1beta1/projects [omitted]
[info] [Firebase Plugin] Starting Data Connect toolkit (version 2.17.0) on port 50001
[debug] [2025-12-04T17:28:23.984Z] 'fdc build' failed with error: Unable to build your Data Connect schema and connectors (exit code 1): E1204 17:28:23.980291    1128 cmd.go:43] Error loading data connect config: could not find dataconnect.yaml in `/home/user/studio/dataconnect`
 {"metadata":{"emulator":{"name":"dataconnect"},"message":"'fdc build' failed with error: Unable to build your Data Connect schema and connectors (exit code 1): E1204 17:28:23.980291    1128 cmd.go:43] Error loading data connect config: could not find dataconnect.yaml in `/home/user/studio/dataconnect`\n"}}
[debug] [2025-12-04T17:28:23.987Z] Ignoring unsupported arg: auto_download {"metadata":{"emulator":{"name":"dataconnect"},"message":"Ignoring unsupported arg: auto_download"}}
[debug] [2025-12-04T17:28:23.987Z] Ignoring unsupported arg: port {"metadata":{"emulator":{"name":"dataconnect"},"message":"Ignoring unsupported arg: port"}}
[debug] [2025-12-04T17:28:23.988Z] Starting Data Connect Emulator with command {"binary":"/home/user/.cache/firebase/emulators/dataconnect-emulator-2.17.0","args":["--logtostderr","-v=2","dev","--listen=localhost:50001","--config_dir=/home/user/studio/dataconnect","--enable_output_schema_extensions=true","--enable_output_generated_sdk=true"],"optionalArgs":["listen","config_dir","enable_output_schema_extensions","enable_output_generated_sdk"],"joinArgs":true,"shell":false,"port":9399} {"metadata":{"emulator":{"name":"dataconnect"},"message":"Starting Data Connect Emulator with command {\"binary\":\"/home/user/.cache/firebase/emulators/dataconnect-emulator-2.17.0\",\"args\":[\"--logtostderr\",\"-v=2\",\"dev\",\"--listen=localhost:50001\",\"--config_dir=/home/user/studio/dataconnect\",\"--enable_output_schema_extensions=true\",\"--enable_output_generated_sdk=true\"],\"optionalArgs\":[\"listen\",\"config_dir\",\"enable_output_schema_extensions\",\"enable_output_generated_sdk\"],\"joinArgs\":true,\"shell\":false,\"port\":9399}"}}
[info] i  dataconnect: Data Connect Emulator logging to dataconnect-debug.log {"metadata":{"emulator":{"name":"dataconnect"},"message":"Data Connect Emulator logging to dataconnect-debug.log"}}
[debug] [2025-12-04T17:28:24.137Z] E1204 17:28:24.125264    1133 dev.go:82] Failed to load initial config from "/home/user/studio/dataconnect": could not find dataconnect.yaml in `/home/user/studio/dataconnect`
E1204 17:28:24.129891    1133 watch.go:102] watchAllDir unable to walk dir `/home/user/studio/dataconnect`: lstat /home/user/studio/dataconnect: no such file or directory
 {"metadata":{"emulator":{"name":"dataconnect"},"message":"E1204 17:28:24.125264    1133 dev.go:82] Failed to load initial config from \"/home/user/studio/dataconnect\": could not find dataconnect.yaml in `/home/user/studio/dataconnect`\nE1204 17:28:24.129891    1133 watch.go:102] watchAllDir unable to walk dir `/home/user/studio/dataconnect`: lstat /home/user/studio/dataconnect: no such file or directory\n"}}
[debug] [2025-12-04T17:28:24.151Z] I1204 17:28:24.145282    1133 dev.go:105] Listening on address (HTTP + gRPC): 127.0.0.1:50001
 {"metadata":{"emulator":{"name":"dataconnect"},"message":"I1204 17:28:24.145282    1133 dev.go:105] Listening on address (HTTP + gRPC): 127.0.0.1:50001\n"}}
[error] [Firebase Plugin] error:  {}
[debug] [2025-12-04T17:28:34.135Z] E1204 17:28:34.134804    1133 watch.go:31] Failed to load config from "/home/user/studio/dataconnect": could not find dataconnect.yaml in `/home/user/studio/dataconnect`
 {"metadata":{"emulator":{"name":"dataconnect"},"message":"E1204 17:28:34.134804    1133 watch.go:31] Failed to load config from \"/home/user/studio/dataconnect\": could not find dataconnect.yaml in `/home/user/studio/dataconnect`\n"}}
[debug] [2025-12-04T17:28:44.130Z] E1204 17:28:44.130230    1133 watch.go:31] Failed to load config from "/home/user/studio/dataconnect": could not find dataconnect.yaml in `/home/user/studio/dataconnect`
 {"metadata":{"emulator":{"name":"dataconnect"},"message":"E1204 17:28:44.130230    1133 watch.go:31] Failed to load config from \"/home/user/studio/dataconnect\": could not find dataconnect.yaml in `/home/user/studio/dataconnect`\n"}}
[debug] [2025-12-04T17:28:54.131Z] E1204 17:28:54.131120    1133 watch.go:31] Failed to load config from "/home/user/studio/dataconnect": could not find dataconnect.yaml in `/home/user/studio/dataconnect`
 {"metadata":{"emulator":{"name":"dataconnect"},"message":"E1204 17:28:54.131120    1133 watch.go:31] Failed to load config from \"/home/user/studio/dataconnect\": could not find dataconnect.yaml in `/home/user/studio/dataconnect`\n"}}
[debug] [2025-12-04T17:29:04.131Z] E1204 17:29:04.130975    1133 watch.go:31] Failed to load config from "/home/user/studio/dataconnect": could not find dataconnect.yaml in `/home/user/studio/dataconnect`
 {"metadata":{"emulator":{"name":"dataconnect"},"message":"E1204 17:29:04.130975    1133 watch.go:31] Failed to load config from \"/home/user/studio/dataconnect\": could not find dataconnect.yaml in `/home/user/studio/dataconnect`\n"}}
[debug] [2025-12-04T17:29:14.130Z] E1204 17:29:14.130190    1133 watch.go:31] Failed to load config from "/home/user/studio/dataconnect": could not find dataconnect.yaml in `/home/user/studio/dataconnect`
 {"metadata":{"emulator":{"name":"dataconnect"},"message":"E1204 17:29:14.130190    1133 watch.go:31] Failed to load config from \"/home/user/studio/dataconnect\": could not find dataconnect.yaml in `/home/user/studio/dataconnect`\n"}}
[debug] [2025-12-04T17:29:24.131Z] E1204 17:29:24.131021    1133 watch.go:31] Failed to load config from "/home/user/studio/dataconnect": could not find dataconnect.yaml in `/home/user/studio/dataconnect`
 {"metadata":{"emulator":{"name":"dataconnect"},"message":"E1204 17:29:24.131021    1133 watch.go:31] Failed to load config from \"/home/user/studio/dataconnect\": could not find dataconnect.yaml in `/home/user/studio/dataconnect`\n"}}
[debug] [2025-12-04T17:29:34.130Z] E1204 17:29:34.130246    1133 watch.go:31] Failed to load config from "/home/user/studio/dataconnect": could not find dataconnect.yaml in `/home/user/studio/dataconnect`
 {"metadata":{"emulator":{"name":"dataconnect"},"message":"E1204 17:29:34.130246    1133 watch.go:31] Failed to load config from \"/home/user/studio/dataconnect\": could not find dataconnect.yaml in `/home/user/studio/dataconnect`\n"}}
[debug] [2025-12-04T17:29:44.139Z] E1204 17:29:44.139354    1133 watch.go:31] Failed to load config from "/home/user/studio/dataconnect": could not find dataconnect.yaml in `/home/user/studio/dataconnect`
 {"metadata":{"emulator":{"name":"dataconnect"},"message":"E1204 17:29:44.139354    1133 watch.go:31] Failed to load config from \"/home/user/studio/dataconnect\": could not find dataconnect.yaml in `/home/user/studio/dataconnect`\n"}}
[debug] [2025-12-04T17:29:54.131Z] E1204 17:29:54.130588    1133 watch.go:31] Failed to load config from "/home/user/studio/dataconnect": could not find dataconnect.yaml in `/home/user/studio/dataconnect`
 {"metadata":{"emulator":{"name":"dataconnect"},"message":"E1204 17:29:54.130588    1133 watch.go:31] Failed to load config from \"/home/user/studio/dataconnect\": could not find dataconnect.yaml in `/home/user/studio/dataconnect`\n"}}
[debug] [2025-12-04T17:30:04.137Z] E1204 17:30:04.136632    1133 watch.go:31] Failed to load config from "/home/user/studio/dataconnect": could not find dataconnect.yaml in `/home/user/studio/dataconnect`
 {"metadata":{"emulator":{"name":"dataconnect"},"message":"E1204 17:30:04.136632    1133 watch.go:31] Failed to load config from \"/home/user/studio/dataconnect\": could not find dataconnect.yaml in `/home/user/studio/dataconnect`\n"}}
[debug] [2025-12-04T17:30:14.140Z] E1204 17:30:14.139806    1133 watch.go:31] Failed to load config from "/home/user/studio/dataconnect": could not find dataconnect.yaml in `/home/user/studio/dataconnect`
 {"metadata":{"emulator":{"name":"dataconnect"},"message":"E1204 17:30:14.139806    1133 watch.go:31] Failed to load config from \"/home/user/studio/dataconnect\": could not find dataconnect.yaml in `/home/user/studio/dataconnect`\n"}}
[debug] [2025-12-04T17:30:24.131Z] E1204 17:30:24.130558    1133 watch.go:31] Failed to load config from "/home/user/studio/dataconnect": could not find dataconnect.yaml in `/home/user/studio/dataconnect`
 {"metadata":{"emulator":{"name":"dataconnect"},"message":"E1204 17:30:24.130558    1133 watch.go:31] Failed to load config from \"/home/user/studio/dataconnect\": could not find dataconnect.yaml in `/home/user/studio/dataconnect`\n"}}
[debug] [2025-12-04T17:30:24.132Z] E1204 17:30:24.130802    1133 watch.go:102] watchAllDir unable to walk dir `/home/user/studio/dataconnect`: lstat /home/user/studio/dataconnect: no such file or directory
 {"metadata":{"emulator":{"name":"dataconnect"},"message":"E1204 17:30:24.130802    1133 watch.go:102] watchAllDir unable to walk dir `/home/user/studio/dataconnect`: lstat /home/user/studio/dataconnect: no such file or directory\n"}}
[debug] [2025-12-04T17:30:34.131Z] E1204 17:30:34.130731    1133 watch.go:31] Failed to load config from "/home/user/studio/dataconnect": could not find dataconnect.yaml in `/home/user/studio/dataconnect`
 {"metadata":{"emulator":{"name":"dataconnect"},"message":"E1204 17:30:34.130731    1133 watch.go:31] Failed to load config from \"/home/user/studio/dataconnect\": could not find dataconnect.yaml in `/home/user/studio/dataconnect`\n"}}
[debug] [2025-12-04T17:30:44.130Z] E1204 17:30:44.130249    1133 watch.go:31] Failed to load config from "/home/user/studio/dataconnect": could not find dataconnect.yaml in `/home/user/studio/dataconnect`
 {"metadata":{"emulator":{"name":"dataconnect"},"message":"E1204 17:30:44.130249    1133 watch.go:31] Failed to load config from \"/home/user/studio/dataconnect\": could not find dataconnect.yaml in `/home/user/studio/dataconnect`\n"}}
[debug] [2025-12-04T17:30:54.131Z] E1204 17:30:54.131067    1133 watch.go:31] Failed to load config from "/home/user/studio/dataconnect": could not find dataconnect.yaml in `/home/user/studio/dataconnect`
 {"metadata":{"emulator":{"name":"dataconnect"},"message":"E1204 17:30:54.131067    1133 watch.go:31] Failed to load config from \"/home/user/studio/dataconnect\": could not find dataconnect.yaml in `/home/user/studio/dataconnect`\n"}}
[debug] [2025-12-04T17:31:04.137Z] E1204 17:31:04.137083    1133 watch.go:31] Failed to load config from "/home/user/studio/dataconnect": could not find dataconnect.yaml in `/home/user/studio/dataconnect`
 {"metadata":{"emulator":{"name":"dataconnect"},"message":"E1204 17:31:04.137083    1133 watch.go:31] Failed to load config from \"/home/user/studio/dataconnect\": could not find dataconnect.yaml in `/home/user/studio/dataconnect`\n"}}
[debug] [2025-12-04T17:31:14.130Z] E1204 17:31:14.130279    1133 watch.go:31] Failed to load config from "/home/user/studio/dataconnect": could not find dataconnect.yaml in `/home/user/studio/dataconnect`
 {"metadata":{"emulator":{"name":"dataconnect"},"message":"E1204 17:31:14.130279    1133 watch.go:31] Failed to load config from \"/home/user/studio/dataconnect\": could not find dataconnect.yaml in `/home/user/studio/dataconnect`\n"}}
[debug] [2025-12-04T17:31:24.131Z] E1204 17:31:24.131020    1133 watch.go:31] Failed to load config from "/home/user/studio/dataconnect": could not find dataconnect.yaml in `/home/user/studio/dataconnect`
 {"metadata":{"emulator":{"name":"dataconnect"},"message":"E1204 17:31:24.131020    1133 watch.go:31] Failed to load config from \"/home/user/studio/dataconnect\": could not find dataconnect.yaml in `/home/user/studio/dataconnect`\n"}}
[debug] [2025-12-04T17:31:34.130Z] E1204 17:31:34.130202    1133 watch.go:31] Failed to load config from "/home/user/studio/dataconnect": could not find dataconnect.yaml in `/home/user/studio/dataconnect`
 {"metadata":{"emulator":{"name":"dataconnect"},"message":"E1204 17:31:34.130202    1133 watch.go:31] Failed to load config from \"/home/user/studio/dataconnect\": could not find dataconnect.yaml in `/home/user/studio/dataconnect`\n"}}
[debug] [2025-12-04T17:31:44.139Z] E1204 17:31:44.139354    1133 watch.go:31] Failed to load config from "/home/user/studio/dataconnect": could not find dataconnect.yaml in `/home/user/studio/dataconnect`
 {"metadata":{"emulator":{"name":"dataconnect"},"message":"E1204 17:31:44.139354    1133 watch.go:31] Failed to load config from \"/home/user/studio/dataconnect\": could not find dataconnect.yaml in `/home/user/studio/dataconnect`\n"}}
[debug] [2025-12-04T17:31:54.131Z] E1204 17:31:54.131053    1133 watch.go:31] Failed to load config from "/home/user/studio/dataconnect": could not find dataconnect.yaml in `/home/user/studio/dataconnect`
 {"metadata":{"emulator":{"name":"dataconnect"},"message":"E1204 17:31:54.131053    1133 watch.go:31] Failed to load config from \"/home/user/studio/dataconnect\": could not find dataconnect.yaml in `/home/user/studio/dataconnect`\n"}}
[debug] [2025-12-04T17:32:04.139Z] E1204 17:32:04.139386    1133 watch.go:31] Failed to load config from "/home/user/studio/dataconnect": could not find dataconnect.yaml in `/home/user/studio/dataconnect`
 {"metadata":{"emulator":{"name":"dataconnect"},"message":"E1204 17:32:04.139386    1133 watch.go:31] Failed to load config from \"/home/user/studio/dataconnect\": could not find dataconnect.yaml in `/home/user/studio/dataconnect`\n"}}
[debug] [2025-12-04T17:32:14.139Z] E1204 17:32:14.139560    1133 watch.go:31] Failed to load config from "/home/user/studio/dataconnect": could not find dataconnect.yaml in `/home/user/studio/dataconnect`
 {"metadata":{"emulator":{"name":"dataconnect"},"message":"E1204 17:32:14.139560    1133 watch.go:31] Failed to load config from \"/home/user/studio/dataconnect\": could not find dataconnect.yaml in `/home/user/studio/dataconnect`\n"}}
[debug] [2025-12-04T17:32:24.130Z] E1204 17:32:24.130441    1133 watch.go:31] Failed to load config from "/home/user/studio/dataconnect": could not find dataconnect.yaml in `/home/user/studio/dataconnect`
E1204 17:32:24.130496    1133 watch.go:102] watchAllDir unable to walk dir `/home/user/studio/dataconnect`: lstat /home/user/studio/dataconnect: no such file or directory
 {"metadata":{"emulator":{"name":"dataconnect"},"message":"E1204 17:32:24.130441    1133 watch.go:31] Failed to load config from \"/home/user/studio/dataconnect\": could not find dataconnect.yaml in `/home/user/studio/dataconnect`\nE1204 17:32:24.130496    1133 watch.go:102] watchAllDir unable to walk dir `/home/user/studio/dataconnect`: lstat /home/user/studio/dataconnect: no such file or directory\n"}}
[debug] [2025-12-04T17:32:34.130Z] E1204 17:32:34.130243    1133 watch.go:31] Failed to load config from "/home/user/studio/dataconnect": could not find dataconnect.yaml in `/home/user/studio/dataconnect`
 {"metadata":{"emulator":{"name":"dataconnect"},"message":"E1204 17:32:34.130243    1133 watch.go:31] Failed to load config from \"/home/user/studio/dataconnect\": could not find dataconnect.yaml in `/home/user/studio/dataconnect`\n"}}
[debug] [2025-12-04T17:32:44.131Z] E1204 17:32:44.130890    1133 watch.go:31] Failed to load config from "/home/user/studio/dataconnect": could not find dataconnect.yaml in `/home/user/studio/dataconnect`
 {"metadata":{"emulator":{"name":"dataconnect"},"message":"E1204 17:32:44.130890    1133 watch.go:31] Failed to load config from \"/home/user/studio/dataconnect\": could not find dataconnect.yaml in `/home/user/studio/dataconnect`\n"}}
[debug] [2025-12-04T17:32:54.130Z] E1204 17:32:54.130479    1133 watch.go:31] Failed to load config from "/home/user/studio/dataconnect": could not find dataconnect.yaml in `/home/user/studio/dataconnect`
 {"metadata":{"emulator":{"name":"dataconnect"},"message":"E1204 17:32:54.130479    1133 watch.go:31] Failed to load config from \"/home/user/studio/dataconnect\": could not find dataconnect.yaml in `/home/user/studio/dataconnect`\n"}}
[debug] [2025-12-04T17:33:04.140Z] E1204 17:33:04.139865    1133 watch.go:31] Failed to load config from "/home/user/studio/dataconnect": could not find dataconnect.yaml in `/home/user/studio/dataconnect`
 {"metadata":{"emulator":{"name":"dataconnect"},"message":"E1204 17:33:04.139865    1133 watch.go:31] Failed to load config from \"/home/user/studio/dataconnect\": could not find dataconnect.yaml in `/home/user/studio/dataconnect`\n"}}
[debug] [2025-12-04T17:33:14.139Z] E1204 17:33:14.139310    1133 watch.go:31] Failed to load config from "/home/user/studio/dataconnect": could not find dataconnect.yaml in `/home/user/studio/dataconnect`
 {"metadata":{"emulator":{"name":"dataconnect"},"message":"E1204 17:33:14.139310    1133 watch.go:31] Failed to load config from \"/home/user/studio/dataconnect\": could not find dataconnect.yaml in `/home/user/studio/dataconnect`\n"}}
[debug] [2025-12-04T17:33:24.131Z] E1204 17:33:24.131094    1133 watch.go:31] Failed to load config from "/home/user/studio/dataconnect": could not find dataconnect.yaml in `/home/user/studio/dataconnect`
 {"metadata":{"emulator":{"name":"dataconnect"},"message":"E1204 17:33:24.131094    1133 watch.go:31] Failed to load config from \"/home/user/studio/dataconnect\": could not find dataconnect.yaml in `/home/user/studio/dataconnect`\n"}}
[debug] [2025-12-04T17:33:34.139Z] E1204 17:33:34.139379    1133 watch.go:31] Failed to load config from "/home/user/studio/dataconnect": could not find dataconnect.yaml in `/home/user/studio/dataconnect`
 {"metadata":{"emulator":{"name":"dataconnect"},"message":"E1204 17:33:34.139379    1133 watch.go:31] Failed to load config from \"/home/user/studio/dataconnect\": could not find dataconnect.yaml in `/home/user/studio/dataconnect`\n"}}
[debug] [2025-12-04T17:33:44.139Z] E1204 17:33:44.138851    1133 watch.go:31] Failed to load config from "/home/user/studio/dataconnect": could not find dataconnect.yaml in `/home/user/studio/dataconnect`
 {"metadata":{"emulator":{"name":"dataconnect"},"message":"E1204 17:33:44.138851    1133 watch.go:31] Failed to load config from \"/home/user/studio/dataconnect\": could not find dataconnect.yaml in `/home/user/studio/dataconnect`\n"}}
[debug] [2025-12-04T17:33:54.131Z] E1204 17:33:54.131071    1133 watch.go:31] Failed to load config from "/home/user/studio/dataconnect": could not find dataconnect.yaml in `/home/user/studio/dataconnect`
 {"metadata":{"emulator":{"name":"dataconnect"},"message":"E1204 17:33:54.131071    1133 watch.go:31] Failed to load config from \"/home/user/studio/dataconnect\": could not find dataconnect.yaml in `/home/user/studio/dataconnect`\n"}}
[debug] [2025-12-04T17:34:04.139Z] E1204 17:34:04.139412    1133 watch.go:31] Failed to load config from "/home/user/studio/dataconnect": could not find dataconnect.yaml in `/home/user/studio/dataconnect`
 {"metadata":{"emulator":{"name":"dataconnect"},"message":"E1204 17:34:04.139412    1133 watch.go:31] Failed to load config from \"/home/user/studio/dataconnect\": could not find dataconnect.yaml in `/home/user/studio/dataconnect`\n"}}
[debug] [2025-12-04T17:34:14.139Z] E1204 17:34:14.139562    1133 watch.go:31] Failed to load config from "/home/user/studio/dataconnect": could not find dataconnect.yaml in `/home/user/studio/dataconnect`
 {"metadata":{"emulator":{"name":"dataconnect"},"message":"E1204 17:34:14.139562    1133 watch.go:31] Failed to load config from \"/home/user/studio/dataconnect\": could not find dataconnect.yaml in `/home/user/studio/dataconnect`\n"}}
[debug] [2025-12-04T17:34:24.130Z] E1204 17:34:24.130100    1133 watch.go:31] Failed to load config from "/home/user/studio/dataconnect": could not find dataconnect.yaml in `/home/user/studio/dataconnect`
E1204 17:34:24.130164    1133 watch.go:102] watchAllDir unable to walk dir `/home/user/studio/dataconnect`: lstat /home/user/studio/dataconnect: no such file or directory
 {"metadata":{"emulator":{"name":"dataconnect"},"message":"E1204 17:34:24.130100    1133 watch.go:31] Failed to load config from \"/home/user/studio/dataconnect\": could not find dataconnect.yaml in `/home/user/studio/dataconnect`\nE1204 17:34:24.130164    1133 watch.go:102] watchAllDir unable to walk dir `/home/user/studio/dataconnect`: lstat /home/user/studio/dataconnect: no such file or directory\n"}}
[debug] [2025-12-04T17:34:34.130Z] E1204 17:34:34.130259    1133 watch.go:31] Failed to load config from "/home/user/studio/dataconnect": could not find dataconnect.yaml in `/home/user/studio/dataconnect`
 {"metadata":{"emulator":{"name":"dataconnect"},"message":"E1204 17:34:34.130259    1133 watch.go:31] Failed to load config from \"/home/user/studio/dataconnect\": could not find dataconnect.yaml in `/home/user/studio/dataconnect`\n"}}
[debug] [2025-12-04T17:34:44.130Z] E1204 17:34:44.130257    1133 watch.go:31] Failed to load config from "/home/user/studio/dataconnect": could not find dataconnect.yaml in `/home/user/studio/dataconnect`
 {"metadata":{"emulator":{"name":"dataconnect"},"message":"E1204 17:34:44.130257    1133 watch.go:31] Failed to load config from \"/home/user/studio/dataconnect\": could not find dataconnect.yaml in `/home/user/studio/dataconnect`\n"}}
[debug] [2025-12-04T17:34:54.130Z] E1204 17:34:54.130223    1133 watch.go:31] Failed to load config from "/home/user/studio/dataconnect": could not find dataconnect.yaml in `/home/user/studio/dataconnect`
 {"metadata":{"emulator":{"name":"dataconnect"},"message":"E1204 17:34:54.130223    1133 watch.go:31] Failed to load config from \"/home/user/studio/dataconnect\": could not find dataconnect.yaml in `/home/user/studio/dataconnect`\n"}}
[debug] [2025-12-04T17:35:04.130Z] E1204 17:35:04.130193    1133 watch.go:31] Failed to load config from "/home/user/studio/dataconnect": could not find dataconnect.yaml in `/home/user/studio/dataconnect`
 {"metadata":{"emulator":{"name":"dataconnect"},"message":"E1204 17:35:04.130193    1133 watch.go:31] Failed to load config from \"/home/user/studio/dataconnect\": could not find dataconnect.yaml in `/home/user/studio/dataconnect`\n"}}
[debug] [2025-12-04T17:35:14.131Z] E1204 17:35:14.130937    1133 watch.go:31] Failed to load config from "/home/user/studio/dataconnect": could not find dataconnect.yaml in `/home/user/studio/dataconnect`
 {"metadata":{"emulator":{"name":"dataconnect"},"message":"E1204 17:35:14.130937    1133 watch.go:31] Failed to load config from \"/home/user/studio/dataconnect\": could not find dataconnect.yaml in `/home/user/studio/dataconnect`\n"}}
[debug] [2025-12-04T17:35:24.130Z] E1204 17:35:24.130426    1133 watch.go:31] Failed to load config from "/home/user/studio/dataconnect": could not find dataconnect.yaml in `/home/user/studio/dataconnect`
 {"metadata":{"emulator":{"name":"dataconnect"},"message":"E1204 17:35:24.130426    1133 watch.go:31] Failed to load config from \"/home/user/studio/dataconnect\": could not find dataconnect.yaml in `/home/user/studio/dataconnect`\n"}}
[debug] [2025-12-04T17:35:34.139Z] E1204 17:35:34.138794    1133 watch.go:31] Failed to load config from "/home/user/studio/dataconnect": could not find dataconnect.yaml in `/home/user/studio/dataconnect`
 {"metadata":{"emulator":{"name":"dataconnect"},"message":"E1204 17:35:34.138794    1133 watch.go:31] Failed to load config from \"/home/user/studio/dataconnect\": could not find dataconnect.yaml in `/home/user/studio/dataconnect`\n"}}
[debug] [2025-12-04T17:35:44.137Z] E1204 17:35:44.136796    1133 watch.go:31] Failed to load config from "/home/user/studio/dataconnect": could not find dataconnect.yaml in `/home/user/studio/dataconnect`
 {"metadata":{"emulator":{"name":"dataconnect"},"message":"E1204 17:35:44.136796    1133 watch.go:31] Failed to load config from \"/home/user/studio/dataconnect\": could not find dataconnect.yaml in `/home/user/studio/dataconnect`\n"}}
[debug] [2025-12-04T17:35:54.131Z] E1204 17:35:54.131080    1133 watch.go:31] Failed to load config from "/home/user/studio/dataconnect": could not find dataconnect.yaml in `/home/user/studio/dataconnect`
 {"metadata":{"emulator":{"name":"dataconnect"},"message":"E1204 17:35:54.131080    1133 watch.go:31] Failed to load config from \"/home/user/studio/dataconnect\": could not find dataconnect.yaml in `/home/user/studio/dataconnect`\n"}}
[debug] [2025-12-04T17:36:04.130Z] E1204 17:36:04.130208    1133 watch.go:31] Failed to load config from "/home/user/studio/dataconnect": could not find dataconnect.yaml in `/home/user/studio/dataconnect`
 {"metadata":{"emulator":{"name":"dataconnect"},"message":"E1204 17:36:04.130208    1133 watch.go:31] Failed to load config from \"/home/user/studio/dataconnect\": could not find dataconnect.yaml in `/home/user/studio/dataconnect`\n"}}
[debug] [2025-12-04T17:36:14.130Z] E1204 17:36:14.130199    1133 watch.go:31] Failed to load config from "/home/user/studio/dataconnect": could not find dataconnect.yaml in `/home/user/studio/dataconnect`
 {"metadata":{"emulator":{"name":"dataconnect"},"message":"E1204 17:36:14.130199    1133 watch.go:31] Failed to load config from \"/home/user/studio/dataconnect\": could not find dataconnect.yaml in `/home/user/studio/dataconnect`\n"}}
[debug] [2025-12-04T17:36:24.138Z] E1204 17:36:24.135370    1133 watch.go:31] Failed to load config from "/home/user/studio/dataconnect": could not find dataconnect.yaml in `/home/user/studio/dataconnect`
E1204 17:36:24.135423    1133 watch.go:102] watchAllDir unable to walk dir `/home/user/studio/dataconnect`: lstat /home/user/studio/dataconnect: no such file or directory
 {"metadata":{"emulator":{"name":"dataconnect"},"message":"E1204 17:36:24.135370    1133 watch.go:31] Failed to load config from \"/home/user/studio/dataconnect\": could not find dataconnect.yaml in `/home/user/studio/dataconnect`\nE1204 17:36:24.135423    1133 watch.go:102] watchAllDir unable to walk dir `/home/user/studio/dataconnect`: lstat /home/user/studio/dataconnect: no such file or directory\n"}}
[debug] [2025-12-04T17:36:34.140Z] E1204 17:36:34.139779    1133 watch.go:31] Failed to load config from "/home/user/studio/dataconnect": could not find dataconnect.yaml in `/home/user/studio/dataconnect`
 {"metadata":{"emulator":{"name":"dataconnect"},"message":"E1204 17:36:34.139779    1133 watch.go:31] Failed to load config from \"/home/user/studio/dataconnect\": could not find dataconnect.yaml in `/home/user/studio/dataconnect`\n"}}
[debug] [2025-12-04T17:36:44.140Z] E1204 17:36:44.139845    1133 watch.go:31] Failed to load config from "/home/user/studio/dataconnect": could not find dataconnect.yaml in `/home/user/studio/dataconnect`
 {"metadata":{"emulator":{"name":"dataconnect"},"message":"E1204 17:36:44.139845    1133 watch.go:31] Failed to load config from \"/home/user/studio/dataconnect\": could not find dataconnect.yaml in `/home/user/studio/dataconnect`\n"}}
[debug] [2025-12-04T17:36:54.131Z] E1204 17:36:54.130572    1133 watch.go:31] Failed to load config from "/home/user/studio/dataconnect": could not find dataconnect.yaml in `/home/user/studio/dataconnect`
 {"metadata":{"emulator":{"name":"dataconnect"},"message":"E1204 17:36:54.130572    1133 watch.go:31] Failed to load config from \"/home/user/studio/dataconnect\": could not find dataconnect.yaml in `/home/user/studio/dataconnect`\n"}}
[debug] [2025-12-04T17:37:04.130Z] E1204 17:37:04.130223    1133 watch.go:31] Failed to load config from "/home/user/studio/dataconnect": could not find dataconnect.yaml in `/home/user/studio/dataconnect`
 {"metadata":{"emulator":{"name":"dataconnect"},"message":"E1204 17:37:04.130223    1133 watch.go:31] Failed to load config from \"/home/user/studio/dataconnect\": could not find dataconnect.yaml in `/home/user/studio/dataconnect`\n"}}
[debug] [2025-12-04T17:37:14.130Z] E1204 17:37:14.130212    1133 watch.go:31] Failed to load config from "/home/user/studio/dataconnect": could not find dataconnect.yaml in `/home/user/studio/dataconnect`
 {"metadata":{"emulator":{"name":"dataconnect"},"message":"E1204 17:37:14.130212    1133 watch.go:31] Failed to load config from \"/home/user/studio/dataconnect\": could not find dataconnect.yaml in `/home/user/studio/dataconnect`\n"}}
[debug] [2025-12-04T17:37:24.131Z] E1204 17:37:24.131049    1133 watch.go:31] Failed to load config from "/home/user/studio/dataconnect": could not find dataconnect.yaml in `/home/user/studio/dataconnect`
 {"metadata":{"emulator":{"name":"dataconnect"},"message":"E1204 17:37:24.131049    1133 watch.go:31] Failed to load config from \"/home/user/studio/dataconnect\": could not find dataconnect.yaml in `/home/user/studio/dataconnect`\n"}}
[debug] [2025-12-04T17:37:34.139Z] E1204 17:37:34.139301    1133 watch.go:31] Failed to load config from "/home/user/studio/dataconnect": could not find dataconnect.yaml in `/home/user/studio/dataconnect`
 {"metadata":{"emulator":{"name":"dataconnect"},"message":"E1204 17:37:34.139301    1133 watch.go:31] Failed to load config from \"/home/user/studio/dataconnect\": could not find dataconnect.yaml in `/home/user/studio/dataconnect`\n"}}
[debug] [2025-12-04T17:37:44.139Z] E1204 17:37:44.139415    1133 watch.go:31] Failed to load config from "/home/user/studio/dataconnect": could not find dataconnect.yaml in `/home/user/studio/dataconnect`
 {"metadata":{"emulator":{"name":"dataconnect"},"message":"E1204 17:37:44.139415    1133 watch.go:31] Failed to load config from \"/home/user/studio/dataconnect\": could not find dataconnect.yaml in `/home/user/studio/dataconnect`\n"}}
[debug] [2025-12-04T17:37:54.131Z] E1204 17:37:54.131100    1133 watch.go:31] Failed to load config from "/home/user/studio/dataconnect": could not find dataconnect.yaml in `/home/user/studio/dataconnect`
 {"metadata":{"emulator":{"name":"dataconnect"},"message":"E1204 17:37:54.131100    1133 watch.go:31] Failed to load config from \"/home/user/studio/dataconnect\": could not find dataconnect.yaml in `/home/user/studio/dataconnect`\n"}}
[info] [Firebase Plugin] Stopping Data Connect toolkit
[warn] ⚠  Data Connect Emulator has exited upon receiving signal: SIGINT 
